This file contains any messages produced by compilers while
running configure, to aid debugging if configure makes a mistake.

It was created by gmediarender configure 0.0.6, which was
generated by GNU Autoconf 2.59.  Invocation command line was

  $ ./configure --host=mips-linux host_alias=mips-linux --no-create --no-recursion

## --------- ##
## Platform. ##
## --------- ##

hostname = ck-laptop-x200
uname -m = i686
uname -r = 2.6.32-43-generic
uname -s = Linux
uname -v = #97-Ubuntu SMP Wed Sep 5 16:43:09 UTC 2012

/usr/bin/uname -p = unknown
/bin/uname -X     = unknown

/bin/arch              = unknown
/usr/bin/arch -k       = unknown
/usr/convex/getsysinfo = unknown
hostinfo               = unknown
/bin/machine           = unknown
/usr/bin/oslevel       = unknown
/bin/universe          = unknown

PATH: /usr/local/sbin
PATH: /usr/local/bin
PATH: /usr/sbin
PATH: /usr/bin
PATH: /sbin
PATH: /bin
PATH: /usr/games
PATH: /opt/build_mips/staging_dir/usr/bin


## ----------- ##
## Core tests. ##
## ----------- ##

configure:1374: checking for a BSD-compatible install
configure:1429: result: /usr/bin/install -c
configure:1440: checking whether build environment is sane
configure:1483: result: yes
configure:1548: checking for gawk
configure:1564: found /usr/bin/gawk
configure:1574: result: gawk
configure:1584: checking whether make sets $(MAKE)
configure:1604: result: yes
configure:1680: checking for mips-linux-strip
configure:1696: found /opt/build_mips/staging_dir/usr/bin/mips-linux-strip
configure:1706: result: mips-linux-strip
configure:1833: checking for mips-linux-strip
configure:1859: result: mips-linux-strip
configure:1949: checking for style of include used by make
configure:1977: result: GNU
configure:2010: checking for mips-linux-gcc
configure:2026: found /opt/build_mips/staging_dir/usr/bin/mips-linux-gcc
configure:2036: result: mips-linux-gcc
configure:2318: checking for C compiler version
configure:2321: mips-linux-gcc --version </dev/null >&5
mips-linux-gcc (GCC) 4.3.3
Copyright (C) 2008 Free Software Foundation, Inc.
This is free software; see the source for copying conditions.  There is NO
warranty; not even for MERCHANTABILITY or FITNESS FOR A PARTICULAR PURPOSE.

configure:2324: $? = 0
configure:2326: mips-linux-gcc -v </dev/null >&5
Using built-in specs.
Target: mips-linux-uclibc
Configured with: /home/ck/u10.5/build/gcc-4.3.3/toolchain_build_mips/gcc-4.3.3/configure --prefix=/usr --build=i386-pc-linux-gnu --host=i386-pc-linux-gnu --target=mips-linux-uclibc --enable-languages=c --with-sysroot=/home/ck/u10.5/build/gcc-4.3.3/build_mips/staging_dir --with-build-time-tools=/home/ck/u10.5/build/gcc-4.3.3/build_mips/staging_dir/usr/mips-linux-uclibc/bin --disable-__cxa_atexit --enable-target-optspace --with-gnu-ld --disable-libssp --disable-tls --enable-shared --with-gmp=/home/ck/u10.5/build/gcc-4.3.3/toolchain_build_mips/gmp --with-mpfr=/home/ck/u10.5/build/gcc-4.3.3/toolchain_build_mips/mpfr --disable-nls --enable-threads --disable-multilib --disable-decimal-float --with-float=soft --with-abi=32 --with-tune=mips32r2 : (reconfigured) /home/ck/u10.5/build/gcc-4.3.3/toolchain_build_mips/gcc-4.3.3/configure --prefix=/usr --build=i386-pc-linux-gnu --host=i386-pc-linux-gnu --target=mips-linux-uclibc --enable-languages=c --with-sysroot=/home/ck/u10.5/build/gcc-4.3.3/build_mips/staging_dir --with-build-time-tools=/home/ck/u10.5/build/gcc-4.3.3/build_mips/staging_dir/usr/mips-linux-uclibc/bin --disable-__cxa_atexit --enable-target-optspace --with-gnu-ld --disable-libssp --disable-tls --enable-shared --with-gmp=/home/ck/u10.5/build/gcc-4.3.3/toolchain_build_mips/gmp --with-mpfr=/home/ck/u10.5/build/gcc-4.3.3/toolchain_build_mips/mpfr --disable-nls --enable-threads --disable-multilib --disable-decimal-float --with-float=soft --with-abi=32 --with-tune=mips32r2 : (reconfigured) /home/ck/u10.5/build/gcc-4.3.3/toolchain_build_mips/gcc-4.3.3/configure --prefix=/usr --build=i386-pc-linux-gnu --host=i386-pc-linux-gnu --target=mips-linux-uclibc --enable-languages=c --with-sysroot=/home/ck/u10.5/build/gcc-4.3.3/build_mips/staging_dir --with-build-time-tools=/home/ck/u10.5/build/gcc-4.3.3/build_mips/staging_dir/usr/mips-linux-uclibc/bin --disable-__cxa_atexit --enable-target-optspace --with-gnu-ld --disable-libssp --disable-tls --enable-shared --with-gmp=/home/ck/u10.5/build/gcc-4.3.3/toolchain_build_mips/gmp --with-mpfr=/home/ck/u10.5/build/gcc-4.3.3/toolchain_build_mips/mpfr --disable-nls --enable-threads --disable-multilib --disable-decimal-float --with-float=soft --with-abi=32 --with-tune=mips32r2 : (reconfigured) /home/ck/u10.5/build/gcc-4.3.3/toolchain_build_mips/gcc-4.3.3/configure --prefix=/usr --build=i386-pc-linux-gnu --host=i386-pc-linux-gnu --target=mips-linux-uclibc --enable-languages=c --with-sysroot=/home/ck/u10.5/build/gcc-4.3.3/build_mips/staging_dir --with-build-time-tools=/home/ck/u10.5/build/gcc-4.3.3/build_mips/staging_dir/usr/mips-linux-uclibc/bin --disable-__cxa_atexit --enable-target-optspace --with-gnu-ld --disable-libssp --disable-tls --enable-shared --with-gmp=/home/ck/u10.5/build/gcc-4.3.3/toolchain_build_mips/gmp --with-mpfr=/home/ck/u10.5/build/gcc-4.3.3/toolchain_build_mips/mpfr --disable-nls --enable-threads --disable-multilib --disable-decimal-float --with-float=soft --with-abi=32 --with-tune=mips32r2 : (reconfigured) /home/ck/u10.5/build/gcc-4.3.3/toolchain_build_mips/gcc-4.3.3/configure --prefix=/usr --build=i386-pc-linux-gnu --host=i386-pc-linux-gnu --target=mips-linux-uclibc --enable-languages=c --with-sysroot=/home/ck/u10.5/build/gcc-4.3.3/build_mips/staging_dir --with-build-time-tools=/home/ck/u10.5/build/gcc-4.3.3/build_mips/staging_dir/usr/mips-linux-uclibc/bin --disable-__cxa_atexit --enable-target-optspace --with-gnu-ld --disable-libssp --disable-tls --enable-shared --with-gmp=/home/ck/u10.5/build/gcc-4.3.3/toolchain_build_mips/gmp --with-mpfr=/home/ck/u10.5/build/gcc-4.3.3/toolchain_build_mips/mpfr --disable-nls --enable-threads --disable-multilib --disable-decimal-float --with-float=soft --with-abi=32 --with-tune=mips32r2 : (reconfigured) /home/ck/u10.5/build/gcc-4.3.3/toolchain_build_mips/gcc-4.3.3/configure --prefix=/usr --build=i386-pc-linux-gnu --host=i386-pc-linux-gnu --target=mips-linux-uclibc --enable-languages=c --with-sysroot=/home/ck/u10.5/build/gcc-4.3.3/build_mips/staging_dir --with-build-time-tools=/home/ck/u10.5/build/gcc-4.3.3/build_mips/staging_dir/usr/mips-linux-uclibc/bin --disable-__cxa_atexit --enable-target-optspace --with-gnu-ld --disable-libssp --disable-tls --enable-shared --with-gmp=/home/ck/u10.5/build/gcc-4.3.3/toolchain_build_mips/gmp --with-mpfr=/home/ck/u10.5/build/gcc-4.3.3/toolchain_build_mips/mpfr --disable-nls --enable-threads --disable-multilib --disable-decimal-float --with-float=soft --with-abi=32 --with-tune=mips32r2
Thread model: posix
gcc version 4.3.3 (GCC) 
configure:2329: $? = 0
configure:2331: mips-linux-gcc -V </dev/null >&5
mips-linux-gcc: '-V' option must have argument
configure:2334: $? = 1
configure:2357: checking for C compiler default output file name
configure:2360: mips-linux-gcc    conftest.c  >&5
conftest.c:12:1: warning: "PACKAGE" redefined
conftest.c:10:1: warning: this is the location of the previous definition
conftest.c:13:1: warning: "VERSION" redefined
conftest.c:11:1: warning: this is the location of the previous definition
configure:2363: $? = 0
configure:2409: result: a.out
configure:2414: checking whether the C compiler works
configure:2420: ./a.out
./configure: line 2421: ./a.out: cannot execute binary file
configure:2423: $? = 126
configure:2440: result: yes
configure:2447: checking whether we are cross compiling
configure:2449: result: yes
configure:2452: checking for suffix of executables
configure:2454: mips-linux-gcc -o conftest    conftest.c  >&5
conftest.c:12:1: warning: "PACKAGE" redefined
conftest.c:10:1: warning: this is the location of the previous definition
conftest.c:13:1: warning: "VERSION" redefined
conftest.c:11:1: warning: this is the location of the previous definition
configure:2457: $? = 0
configure:2482: result: 
configure:2488: checking for suffix of object files
configure:2509: mips-linux-gcc -c   conftest.c >&5
conftest.c:12:1: warning: "PACKAGE" redefined
conftest.c:10:1: warning: this is the location of the previous definition
conftest.c:13:1: warning: "VERSION" redefined
conftest.c:11:1: warning: this is the location of the previous definition
configure:2512: $? = 0
configure:2534: result: o
configure:2538: checking whether we are using the GNU C compiler
configure:2562: mips-linux-gcc -c   conftest.c >&5
conftest.c:12:1: warning: "PACKAGE" redefined
conftest.c:10:1: warning: this is the location of the previous definition
conftest.c:13:1: warning: "VERSION" redefined
conftest.c:11:1: warning: this is the location of the previous definition
configure:2568: $? = 0
configure:2572: test -z 
			 || test ! -s conftest.err
configure:2575: $? = 0
configure:2578: test -s conftest.o
configure:2581: $? = 0
configure:2594: result: yes
configure:2600: checking whether mips-linux-gcc accepts -g
configure:2621: mips-linux-gcc -c -g  conftest.c >&5
conftest.c:12:1: warning: "PACKAGE" redefined
conftest.c:10:1: warning: this is the location of the previous definition
conftest.c:13:1: warning: "VERSION" redefined
conftest.c:11:1: warning: this is the location of the previous definition
configure:2627: $? = 0
configure:2631: test -z 
			 || test ! -s conftest.err
configure:2634: $? = 0
configure:2637: test -s conftest.o
configure:2640: $? = 0
configure:2651: result: yes
configure:2668: checking for mips-linux-gcc option to accept ANSI C
configure:2738: mips-linux-gcc  -c -g -O2  conftest.c >&5
conftest.c:12:1: warning: "PACKAGE" redefined
conftest.c:10:1: warning: this is the location of the previous definition
conftest.c:13:1: warning: "VERSION" redefined
conftest.c:11:1: warning: this is the location of the previous definition
configure:2744: $? = 0
configure:2748: test -z 
			 || test ! -s conftest.err
configure:2751: $? = 0
configure:2754: test -s conftest.o
configure:2757: $? = 0
configure:2775: result: none needed
configure:2793: mips-linux-gcc -c -g -O2  conftest.c >&5
conftest.c:2: error: expected '=', ',', ';', 'asm' or '__attribute__' before 'me'
configure:2799: $? = 1
configure: failed program was:
| #ifndef __cplusplus
|   choke me
| #endif
configure:2934: checking dependency style of mips-linux-gcc
configure:3024: result: gcc3
configure:3043: checking dependency style of mips-linux-gcc
configure:3133: result: gcc3
configure:3158: checking for special C compiler options needed for large files
configure:3257: result: no
configure:3263: checking for _FILE_OFFSET_BITS value needed for large files
configure:3294: mips-linux-gcc -c -g -O2  conftest.c >&5
conftest.c:12:1: warning: "PACKAGE" redefined
conftest.c:10:1: warning: this is the location of the previous definition
conftest.c:13:1: warning: "VERSION" redefined
conftest.c:11:1: warning: this is the location of the previous definition
conftest.c:21: warning: left shift count >= width of type
conftest.c:21: warning: left shift count >= width of type
conftest.c:23: error: size of array 'off_t_is_large' is negative
configure:3300: $? = 1
configure: failed program was:
| /* confdefs.h.  */
| 
| #define PACKAGE_NAME "gmediarender"
| #define PACKAGE_TARNAME "gmediarender"
| #define PACKAGE_VERSION "0.0.6"
| #define PACKAGE_STRING "gmediarender 0.0.6"
| #define PACKAGE_BUGREPORT "http://gmrender.nongnu.org"
| #define PACKAGE "gmediarender"
| #define VERSION "0.0.6"
| #define PACKAGE "gmediarender"
| #define VERSION "0.0.6"
| #define PACKAGE gmediarender
| #define VERSION 0.0.6
| /* end confdefs.h.  */
| #include <sys/types.h>
|  /* Check that off_t can represent 2**63 - 1 correctly.
|     We can't simply define LARGE_OFF_T to be 9223372036854775807,
|     since some C++ compilers masquerading as C compilers
|     incorrectly reject 9223372036854775807.  */
| #define LARGE_OFF_T (((off_t) 1 << 62) - 1 + ((off_t) 1 << 62))
|   int off_t_is_large[(LARGE_OFF_T % 2147483629 == 721
| 		       && LARGE_OFF_T % 2147483647 == 1)
| 		      ? 1 : -1];
| int
| main ()
| {
| 
|   ;
|   return 0;
| }
configure:3347: mips-linux-gcc -c -g -O2  conftest.c >&5
conftest.c:12:1: warning: "PACKAGE" redefined
conftest.c:10:1: warning: this is the location of the previous definition
conftest.c:13:1: warning: "VERSION" redefined
conftest.c:11:1: warning: this is the location of the previous definition
configure:3353: $? = 0
configure:3357: test -z 
			 || test ! -s conftest.err
configure:3360: $? = 0
configure:3363: test -s conftest.o
configure:3366: $? = 0
configure:3378: result: 64
configure:3388: checking for _LARGE_FILES value needed for large files
configure:3419: mips-linux-gcc -c -g -O2  conftest.c >&5
conftest.c:12:1: warning: "PACKAGE" redefined
conftest.c:10:1: warning: this is the location of the previous definition
conftest.c:13:1: warning: "VERSION" redefined
conftest.c:11:1: warning: this is the location of the previous definition
configure:3425: $? = 0
configure:3429: test -z 
			 || test ! -s conftest.err
configure:3432: $? = 0
configure:3435: test -s conftest.o
configure:3438: $? = 0
configure:3503: result: no
configure:3530: checking for mips-linux-gcc
configure:3556: result: mips-linux-gcc
configure:3838: checking for C compiler version
configure:3841: mips-linux-gcc --version </dev/null >&5
mips-linux-gcc (GCC) 4.3.3
Copyright (C) 2008 Free Software Foundation, Inc.
This is free software; see the source for copying conditions.  There is NO
warranty; not even for MERCHANTABILITY or FITNESS FOR A PARTICULAR PURPOSE.

configure:3844: $? = 0
configure:3846: mips-linux-gcc -v </dev/null >&5
Using built-in specs.
Target: mips-linux-uclibc
Configured with: /home/ck/u10.5/build/gcc-4.3.3/toolchain_build_mips/gcc-4.3.3/configure --prefix=/usr --build=i386-pc-linux-gnu --host=i386-pc-linux-gnu --target=mips-linux-uclibc --enable-languages=c --with-sysroot=/home/ck/u10.5/build/gcc-4.3.3/build_mips/staging_dir --with-build-time-tools=/home/ck/u10.5/build/gcc-4.3.3/build_mips/staging_dir/usr/mips-linux-uclibc/bin --disable-__cxa_atexit --enable-target-optspace --with-gnu-ld --disable-libssp --disable-tls --enable-shared --with-gmp=/home/ck/u10.5/build/gcc-4.3.3/toolchain_build_mips/gmp --with-mpfr=/home/ck/u10.5/build/gcc-4.3.3/toolchain_build_mips/mpfr --disable-nls --enable-threads --disable-multilib --disable-decimal-float --with-float=soft --with-abi=32 --with-tune=mips32r2 : (reconfigured) /home/ck/u10.5/build/gcc-4.3.3/toolchain_build_mips/gcc-4.3.3/configure --prefix=/usr --build=i386-pc-linux-gnu --host=i386-pc-linux-gnu --target=mips-linux-uclibc --enable-languages=c --with-sysroot=/home/ck/u10.5/build/gcc-4.3.3/build_mips/staging_dir --with-build-time-tools=/home/ck/u10.5/build/gcc-4.3.3/build_mips/staging_dir/usr/mips-linux-uclibc/bin --disable-__cxa_atexit --enable-target-optspace --with-gnu-ld --disable-libssp --disable-tls --enable-shared --with-gmp=/home/ck/u10.5/build/gcc-4.3.3/toolchain_build_mips/gmp --with-mpfr=/home/ck/u10.5/build/gcc-4.3.3/toolchain_build_mips/mpfr --disable-nls --enable-threads --disable-multilib --disable-decimal-float --with-float=soft --with-abi=32 --with-tune=mips32r2 : (reconfigured) /home/ck/u10.5/build/gcc-4.3.3/toolchain_build_mips/gcc-4.3.3/configure --prefix=/usr --build=i386-pc-linux-gnu --host=i386-pc-linux-gnu --target=mips-linux-uclibc --enable-languages=c --with-sysroot=/home/ck/u10.5/build/gcc-4.3.3/build_mips/staging_dir --with-build-time-tools=/home/ck/u10.5/build/gcc-4.3.3/build_mips/staging_dir/usr/mips-linux-uclibc/bin --disable-__cxa_atexit --enable-target-optspace --with-gnu-ld --disable-libssp --disable-tls --enable-shared --with-gmp=/home/ck/u10.5/build/gcc-4.3.3/toolchain_build_mips/gmp --with-mpfr=/home/ck/u10.5/build/gcc-4.3.3/toolchain_build_mips/mpfr --disable-nls --enable-threads --disable-multilib --disable-decimal-float --with-float=soft --with-abi=32 --with-tune=mips32r2 : (reconfigured) /home/ck/u10.5/build/gcc-4.3.3/toolchain_build_mips/gcc-4.3.3/configure --prefix=/usr --build=i386-pc-linux-gnu --host=i386-pc-linux-gnu --target=mips-linux-uclibc --enable-languages=c --with-sysroot=/home/ck/u10.5/build/gcc-4.3.3/build_mips/staging_dir --with-build-time-tools=/home/ck/u10.5/build/gcc-4.3.3/build_mips/staging_dir/usr/mips-linux-uclibc/bin --disable-__cxa_atexit --enable-target-optspace --with-gnu-ld --disable-libssp --disable-tls --enable-shared --with-gmp=/home/ck/u10.5/build/gcc-4.3.3/toolchain_build_mips/gmp --with-mpfr=/home/ck/u10.5/build/gcc-4.3.3/toolchain_build_mips/mpfr --disable-nls --enable-threads --disable-multilib --disable-decimal-float --with-float=soft --with-abi=32 --with-tune=mips32r2 : (reconfigured) /home/ck/u10.5/build/gcc-4.3.3/toolchain_build_mips/gcc-4.3.3/configure --prefix=/usr --build=i386-pc-linux-gnu --host=i386-pc-linux-gnu --target=mips-linux-uclibc --enable-languages=c --with-sysroot=/home/ck/u10.5/build/gcc-4.3.3/build_mips/staging_dir --with-build-time-tools=/home/ck/u10.5/build/gcc-4.3.3/build_mips/staging_dir/usr/mips-linux-uclibc/bin --disable-__cxa_atexit --enable-target-optspace --with-gnu-ld --disable-libssp --disable-tls --enable-shared --with-gmp=/home/ck/u10.5/build/gcc-4.3.3/toolchain_build_mips/gmp --with-mpfr=/home/ck/u10.5/build/gcc-4.3.3/toolchain_build_mips/mpfr --disable-nls --enable-threads --disable-multilib --disable-decimal-float --with-float=soft --with-abi=32 --with-tune=mips32r2 : (reconfigured) /home/ck/u10.5/build/gcc-4.3.3/toolchain_build_mips/gcc-4.3.3/configure --prefix=/usr --build=i386-pc-linux-gnu --host=i386-pc-linux-gnu --target=mips-linux-uclibc --enable-languages=c --with-sysroot=/home/ck/u10.5/build/gcc-4.3.3/build_mips/staging_dir --with-build-time-tools=/home/ck/u10.5/build/gcc-4.3.3/build_mips/staging_dir/usr/mips-linux-uclibc/bin --disable-__cxa_atexit --enable-target-optspace --with-gnu-ld --disable-libssp --disable-tls --enable-shared --with-gmp=/home/ck/u10.5/build/gcc-4.3.3/toolchain_build_mips/gmp --with-mpfr=/home/ck/u10.5/build/gcc-4.3.3/toolchain_build_mips/mpfr --disable-nls --enable-threads --disable-multilib --disable-decimal-float --with-float=soft --with-abi=32 --with-tune=mips32r2
Thread model: posix
gcc version 4.3.3 (GCC) 
configure:3849: $? = 0
configure:3851: mips-linux-gcc -V </dev/null >&5
mips-linux-gcc: '-V' option must have argument
configure:3854: $? = 1
configure:3857: checking whether we are using the GNU C compiler
configure:3913: result: yes
configure:3919: checking whether mips-linux-gcc accepts -g
configure:3970: result: yes
configure:3987: checking for mips-linux-gcc option to accept ANSI C
configure:4094: result: none needed
configure:4112: mips-linux-gcc -c -g -O2  conftest.c >&5
conftest.c:2: error: expected '=', ',', ';', 'asm' or '__attribute__' before 'me'
configure:4118: $? = 1
configure: failed program was:
| #ifndef __cplusplus
|   choke me
| #endif
configure:4253: checking dependency style of mips-linux-gcc
configure:4343: result: gcc3
configure:4362: checking dependency style of mips-linux-gcc
configure:4452: result: gcc3
configure:4482: checking for a BSD-compatible install
configure:4537: result: /usr/bin/install -c
configure:4548: checking whether make sets $(MAKE)
configure:4568: result: yes
configure:4598: checking for mips-linux-pkg-config
configure:4631: result: no
configure:4640: checking for pkg-config
configure:4658: found /usr/bin/pkg-config
configure:4670: result: /usr/bin/pkg-config
configure:4685: checking pkg-config is at least version 0.9.0
configure:4688: result: yes
configure:4704: checking how to run the C preprocessor
configure:4739: mips-linux-gcc -E  conftest.c
conftest.c:12:1: warning: "PACKAGE" redefined
conftest.c:10:1: warning: this is the location of the previous definition
conftest.c:13:1: warning: "VERSION" redefined
conftest.c:11:1: warning: this is the location of the previous definition
configure:4745: $? = 0
configure:4777: mips-linux-gcc -E  conftest.c
conftest.c:12:1: warning: "PACKAGE" redefined
conftest.c:10:1: warning: this is the location of the previous definition
conftest.c:13:1: warning: "VERSION" redefined
conftest.c:11:1: warning: this is the location of the previous definition
conftest.c:16:28: error: ac_nonexistent.h: No such file or directory
configure:4783: $? = 1
configure: failed program was:
| /* confdefs.h.  */
| 
| #define PACKAGE_NAME "gmediarender"
| #define PACKAGE_TARNAME "gmediarender"
| #define PACKAGE_VERSION "0.0.6"
| #define PACKAGE_STRING "gmediarender 0.0.6"
| #define PACKAGE_BUGREPORT "http://gmrender.nongnu.org"
| #define PACKAGE "gmediarender"
| #define VERSION "0.0.6"
| #define PACKAGE "gmediarender"
| #define VERSION "0.0.6"
| #define PACKAGE gmediarender
| #define VERSION 0.0.6
| #define _FILE_OFFSET_BITS 64
| /* end confdefs.h.  */
| #include <ac_nonexistent.h>
configure:4822: result: mips-linux-gcc -E
configure:4846: mips-linux-gcc -E  conftest.c
conftest.c:12:1: warning: "PACKAGE" redefined
conftest.c:10:1: warning: this is the location of the previous definition
conftest.c:13:1: warning: "VERSION" redefined
conftest.c:11:1: warning: this is the location of the previous definition
configure:4852: $? = 0
configure:4884: mips-linux-gcc -E  conftest.c
conftest.c:12:1: warning: "PACKAGE" redefined
conftest.c:10:1: warning: this is the location of the previous definition
conftest.c:13:1: warning: "VERSION" redefined
conftest.c:11:1: warning: this is the location of the previous definition
conftest.c:16:28: error: ac_nonexistent.h: No such file or directory
configure:4890: $? = 1
configure: failed program was:
| /* confdefs.h.  */
| 
| #define PACKAGE_NAME "gmediarender"
| #define PACKAGE_TARNAME "gmediarender"
| #define PACKAGE_VERSION "0.0.6"
| #define PACKAGE_STRING "gmediarender 0.0.6"
| #define PACKAGE_BUGREPORT "http://gmrender.nongnu.org"
| #define PACKAGE "gmediarender"
| #define VERSION "0.0.6"
| #define PACKAGE "gmediarender"
| #define VERSION "0.0.6"
| #define PACKAGE gmediarender
| #define VERSION 0.0.6
| #define _FILE_OFFSET_BITS 64
| /* end confdefs.h.  */
| #include <ac_nonexistent.h>
configure:4934: checking for egrep
configure:4944: result: grep -E
configure:4949: checking for ANSI C header files
configure:4974: mips-linux-gcc -c -Wall -Wpointer-arith -Wcast-align -Wmissing-prototypes -Wmissing-declarations  conftest.c >&5
conftest.c:12:1: warning: "PACKAGE" redefined
conftest.c:10:1: warning: this is the location of the previous definition
conftest.c:13:1: warning: "VERSION" redefined
conftest.c:11:1: warning: this is the location of the previous definition
configure:4980: $? = 0
configure:4984: test -z 
			 || test ! -s conftest.err
configure:4987: $? = 0
configure:4990: test -s conftest.o
configure:4993: $? = 0
conftest.c:12:1: warning: "PACKAGE" redefined
conftest.c:10:1: warning: this is the location of the previous definition
conftest.c:13:1: warning: "VERSION" redefined
conftest.c:11:1: warning: this is the location of the previous definition
conftest.c:12:1: warning: "PACKAGE" redefined
conftest.c:10:1: warning: this is the location of the previous definition
conftest.c:13:1: warning: "VERSION" redefined
conftest.c:11:1: warning: this is the location of the previous definition
configure:5105: result: yes
configure:5129: checking for sys/types.h
configure:5145: mips-linux-gcc -c -Wall -Wpointer-arith -Wcast-align -Wmissing-prototypes -Wmissing-declarations  conftest.c >&5
conftest.c:12:1: warning: "PACKAGE" redefined
conftest.c:10:1: warning: this is the location of the previous definition
conftest.c:13:1: warning: "VERSION" redefined
conftest.c:11:1: warning: this is the location of the previous definition
configure:5151: $? = 0
configure:5155: test -z 
			 || test ! -s conftest.err
configure:5158: $? = 0
configure:5161: test -s conftest.o
configure:5164: $? = 0
configure:5175: result: yes
configure:5129: checking for sys/stat.h
configure:5145: mips-linux-gcc -c -Wall -Wpointer-arith -Wcast-align -Wmissing-prototypes -Wmissing-declarations  conftest.c >&5
conftest.c:12:1: warning: "PACKAGE" redefined
conftest.c:10:1: warning: this is the location of the previous definition
conftest.c:13:1: warning: "VERSION" redefined
conftest.c:11:1: warning: this is the location of the previous definition
configure:5151: $? = 0
configure:5155: test -z 
			 || test ! -s conftest.err
configure:5158: $? = 0
configure:5161: test -s conftest.o
configure:5164: $? = 0
configure:5175: result: yes
configure:5129: checking for stdlib.h
configure:5145: mips-linux-gcc -c -Wall -Wpointer-arith -Wcast-align -Wmissing-prototypes -Wmissing-declarations  conftest.c >&5
conftest.c:12:1: warning: "PACKAGE" redefined
conftest.c:10:1: warning: this is the location of the previous definition
conftest.c:13:1: warning: "VERSION" redefined
conftest.c:11:1: warning: this is the location of the previous definition
configure:5151: $? = 0
configure:5155: test -z 
			 || test ! -s conftest.err
configure:5158: $? = 0
configure:5161: test -s conftest.o
configure:5164: $? = 0
configure:5175: result: yes
configure:5129: checking for string.h
configure:5145: mips-linux-gcc -c -Wall -Wpointer-arith -Wcast-align -Wmissing-prototypes -Wmissing-declarations  conftest.c >&5
conftest.c:12:1: warning: "PACKAGE" redefined
conftest.c:10:1: warning: this is the location of the previous definition
conftest.c:13:1: warning: "VERSION" redefined
conftest.c:11:1: warning: this is the location of the previous definition
configure:5151: $? = 0
configure:5155: test -z 
			 || test ! -s conftest.err
configure:5158: $? = 0
configure:5161: test -s conftest.o
configure:5164: $? = 0
configure:5175: result: yes
configure:5129: checking for memory.h
configure:5145: mips-linux-gcc -c -Wall -Wpointer-arith -Wcast-align -Wmissing-prototypes -Wmissing-declarations  conftest.c >&5
conftest.c:12:1: warning: "PACKAGE" redefined
conftest.c:10:1: warning: this is the location of the previous definition
conftest.c:13:1: warning: "VERSION" redefined
conftest.c:11:1: warning: this is the location of the previous definition
configure:5151: $? = 0
configure:5155: test -z 
			 || test ! -s conftest.err
configure:5158: $? = 0
configure:5161: test -s conftest.o
configure:5164: $? = 0
configure:5175: result: yes
configure:5129: checking for strings.h
configure:5145: mips-linux-gcc -c -Wall -Wpointer-arith -Wcast-align -Wmissing-prototypes -Wmissing-declarations  conftest.c >&5
conftest.c:12:1: warning: "PACKAGE" redefined
conftest.c:10:1: warning: this is the location of the previous definition
conftest.c:13:1: warning: "VERSION" redefined
conftest.c:11:1: warning: this is the location of the previous definition
configure:5151: $? = 0
configure:5155: test -z 
			 || test ! -s conftest.err
configure:5158: $? = 0
configure:5161: test -s conftest.o
configure:5164: $? = 0
configure:5175: result: yes
configure:5129: checking for inttypes.h
configure:5145: mips-linux-gcc -c -Wall -Wpointer-arith -Wcast-align -Wmissing-prototypes -Wmissing-declarations  conftest.c >&5
conftest.c:12:1: warning: "PACKAGE" redefined
conftest.c:10:1: warning: this is the location of the previous definition
conftest.c:13:1: warning: "VERSION" redefined
conftest.c:11:1: warning: this is the location of the previous definition
configure:5151: $? = 0
configure:5155: test -z 
			 || test ! -s conftest.err
configure:5158: $? = 0
configure:5161: test -s conftest.o
configure:5164: $? = 0
configure:5175: result: yes
configure:5129: checking for stdint.h
configure:5145: mips-linux-gcc -c -Wall -Wpointer-arith -Wcast-align -Wmissing-prototypes -Wmissing-declarations  conftest.c >&5
conftest.c:12:1: warning: "PACKAGE" redefined
conftest.c:10:1: warning: this is the location of the previous definition
conftest.c:13:1: warning: "VERSION" redefined
conftest.c:11:1: warning: this is the location of the previous definition
configure:5151: $? = 0
configure:5155: test -z 
			 || test ! -s conftest.err
configure:5158: $? = 0
configure:5161: test -s conftest.o
configure:5164: $? = 0
configure:5175: result: yes
configure:5129: checking for unistd.h
configure:5145: mips-linux-gcc -c -Wall -Wpointer-arith -Wcast-align -Wmissing-prototypes -Wmissing-declarations  conftest.c >&5
conftest.c:12:1: warning: "PACKAGE" redefined
conftest.c:10:1: warning: this is the location of the previous definition
conftest.c:13:1: warning: "VERSION" redefined
conftest.c:11:1: warning: this is the location of the previous definition
configure:5151: $? = 0
configure:5155: test -z 
			 || test ! -s conftest.err
configure:5158: $? = 0
configure:5161: test -s conftest.o
configure:5164: $? = 0
configure:5175: result: yes
configure:5192: checking for ANSI C header files
configure:5348: result: yes
configure:5491: creating ./config.status

## ---------------- ##
## Cache variables. ##
## ---------------- ##

ac_cv_c_compiler_gnu=yes
ac_cv_env_CC_set=
ac_cv_env_CC_value=
ac_cv_env_CFLAGS_set=
ac_cv_env_CFLAGS_value=
ac_cv_env_CPPFLAGS_set=
ac_cv_env_CPPFLAGS_value=
ac_cv_env_CPP_set=
ac_cv_env_CPP_value=
ac_cv_env_GST_CFLAGS_set=
ac_cv_env_GST_CFLAGS_value=
ac_cv_env_GST_LIBS_set=
ac_cv_env_GST_LIBS_value=
ac_cv_env_LDFLAGS_set=
ac_cv_env_LDFLAGS_value=
ac_cv_env_PKG_CONFIG_set=
ac_cv_env_PKG_CONFIG_value=
ac_cv_env_build_alias_set=
ac_cv_env_build_alias_value=
ac_cv_env_host_alias_set=set
ac_cv_env_host_alias_value=mips-linux
ac_cv_env_target_alias_set=
ac_cv_env_target_alias_value=
ac_cv_exeext=
ac_cv_header_inttypes_h=yes
ac_cv_header_memory_h=yes
ac_cv_header_stdc=yes
ac_cv_header_stdint_h=yes
ac_cv_header_stdlib_h=yes
ac_cv_header_string_h=yes
ac_cv_header_strings_h=yes
ac_cv_header_sys_stat_h=yes
ac_cv_header_sys_types_h=yes
ac_cv_header_unistd_h=yes
ac_cv_objext=o
ac_cv_path_ac_pt_PKG_CONFIG=/usr/bin/pkg-config
ac_cv_path_install='/usr/bin/install -c'
ac_cv_prog_AWK=gawk
ac_cv_prog_CC=mips-linux-gcc
ac_cv_prog_CPP='mips-linux-gcc -E'
ac_cv_prog_STRIP=mips-linux-strip
ac_cv_prog_cc_g=yes
ac_cv_prog_cc_stdc=
ac_cv_prog_egrep='grep -E'
ac_cv_prog_make_make_set=yes
ac_cv_sys_file_offset_bits=64
ac_cv_sys_large_files=no
ac_cv_sys_largefile_CC=no
am_cv_CC_dependencies_compiler_type=gcc3

## ----------------- ##
## Output variables. ##
## ----------------- ##

ACLOCAL='${SHELL} /home/ck/upnp_mips/gmediarender-0.0.6/config/missing --run aclocal-1.9'
AMDEPBACKSLASH='\'
AMDEP_FALSE='#'
AMDEP_TRUE=''
AMTAR='${SHELL} /home/ck/upnp_mips/gmediarender-0.0.6/config/missing --run tar'
AUTOCONF='${SHELL} /home/ck/upnp_mips/gmediarender-0.0.6/config/missing --run autoconf'
AUTOHEADER='${SHELL} /home/ck/upnp_mips/gmediarender-0.0.6/config/missing --run autoheader'
AUTOMAKE='${SHELL} /home/ck/upnp_mips/gmediarender-0.0.6/config/missing --run automake-1.9'
AWK='gawk'
CC='mips-linux-gcc'
CCDEPMODE='depmode=gcc3'
CFLAGS='-Wall -Wpointer-arith -Wcast-align -Wmissing-prototypes -Wmissing-declarations'
CPP='mips-linux-gcc -E'
CPPFLAGS=''
CYGPATH_W='echo'
DEFS='-DHAVE_CONFIG_H'
DEPDIR='.deps'
ECHO_C=''
ECHO_N='-n'
ECHO_T=''
EGREP='grep -E'
EXEEXT=''
GST_CFLAGS=''
GST_LIBS=''
INSTALL_DATA='${INSTALL} -m 644'
INSTALL_PROGRAM='${INSTALL}'
INSTALL_SCRIPT='${INSTALL}'
INSTALL_STRIP_PROGRAM='${SHELL} $(install_sh) -c -s'
LDFLAGS=''
LIBOBJS=''
LIBS=''
LTLIBOBJS=''
MAKEINFO='${SHELL} /home/ck/upnp_mips/gmediarender-0.0.6/config/missing --run makeinfo'
OBJEXT='o'
PACKAGE='gmediarender'
PACKAGE_BUGREPORT='http://gmrender.nongnu.org'
PACKAGE_NAME='gmediarender'
PACKAGE_STRING='gmediarender 0.0.6'
PACKAGE_TARNAME='gmediarender'
PACKAGE_VERSION='0.0.6'
PATH_SEPARATOR=':'
PKG_CONFIG='/usr/bin/pkg-config'
SET_MAKE=''
SHELL='/bin/sh'
STRIP='mips-linux-strip'
UPNP_CPPFLAGS=''
UPNP_LDFLAGS=''
UPNP_LIBS=''
VERSION='0.0.6'
ac_ct_CC=''
ac_ct_STRIP=''
ac_pt_PKG_CONFIG='/usr/bin/pkg-config'
am__fastdepCC_FALSE='#'
am__fastdepCC_TRUE=''
am__include='include'
am__leading_dot='.'
am__quote=''
am__tar='${AMTAR} chof - "$$tardir"'
am__untar='${AMTAR} xf -'
bindir='${exec_prefix}/bin'
build_alias=''
datadir='${prefix}/share'
exec_prefix='${prefix}'
host_alias='mips-linux'
includedir='${prefix}/include'
infodir='${prefix}/info'
install_sh='/home/ck/upnp_mips/gmediarender-0.0.6/config/install-sh'
libdir='${exec_prefix}/lib'
libexecdir='${exec_prefix}/libexec'
localstatedir='${prefix}/var'
mandir='${prefix}/man'
mkdir_p='mkdir -p --'
oldincludedir='/usr/include'
prefix='/usr/local'
program_transform_name='s,x,x,'
sbindir='${exec_prefix}/sbin'
sharedstatedir='${prefix}/com'
sysconfdir='${prefix}/etc'
target_alias=''

## ----------- ##
## confdefs.h. ##
## ----------- ##

#define HAVE_INTTYPES_H 1
#define HAVE_MEMORY_H 1
#define HAVE_STDINT_H 1
#define HAVE_STDLIB_H 1
#define HAVE_STRINGS_H 1
#define HAVE_STRING_H 1
#define HAVE_SYS_STAT_H 1
#define HAVE_SYS_TYPES_H 1
#define HAVE_UNISTD_H 1
#define PACKAGE "gmediarender"
#define PACKAGE "gmediarender"
#define PACKAGE gmediarender
#define PACKAGE_BUGREPORT "http://gmrender.nongnu.org"
#define PACKAGE_NAME "gmediarender"
#define PACKAGE_STRING "gmediarender 0.0.6"
#define PACKAGE_TARNAME "gmediarender"
#define PACKAGE_VERSION "0.0.6"
#define STDC_HEADERS 1
#define STDC_HEADERS 1
#define VERSION "0.0.6"
#define VERSION "0.0.6"
#define VERSION 0.0.6
#define _FILE_OFFSET_BITS 64

configure: exit 0

## ---------------------- ##
## Running config.status. ##
## ---------------------- ##

This file was extended by gmediarender config.status 0.0.6, which was
generated by GNU Autoconf 2.59.  Invocation command line was

  CONFIG_FILES    = 
  CONFIG_HEADERS  = 
  CONFIG_LINKS    = 
  CONFIG_COMMANDS = 
  $ ./config.status 

on ck-laptop-x200

config.status:698: creating Makefile
config.status:698: creating src/Makefile
config.status:698: creating data/Makefile
config.status:802: creating config.h
config.status:920: config.h is unchanged
config.status:1100: executing depfiles commands

## ---------------------- ##
## Running config.status. ##
## ---------------------- ##

This file was extended by gmediarender config.status 0.0.6, which was
generated by GNU Autoconf 2.59.  Invocation command line was

  CONFIG_FILES    = 
  CONFIG_HEADERS  = 
  CONFIG_LINKS    = 
  CONFIG_COMMANDS = 
  $ ./config.status config.h

on ck-laptop-x200

config.status:802: creating config.h
config.status:920: config.h is unchanged
